<?xml version="1.0" encoding="UTF-8"?>
<!-- Generated by org.testng.reporters.JUnitXMLReporter -->
<testsuite hostname="DESKTOP-QLKFNLE" ignored="0" name="Test" tests="3" failures="0" timestamp="2022-01-17T21:06:44 GST" time="22.744" errors="0">
  <testcase name="login" time="1.634" classname="main.java.tests.Login"/>
  <testcase name="GenerateLauncher" time="5.69" classname="main.java.tests.LauncherTests"/>
  <testcase name="createListners" time="2.898" classname="main.java.tests.ListenersTests"/>
</testsuite> <!-- Test -->
