<?xml version="1.0" encoding="UTF-8"?>
<testng-results ignored="0" total="1" passed="1" failed="0" skipped="0">
  <reporter-output>
  </reporter-output>
  <suite started-at="2022-01-17T20:02:09 GST" name="Suite" finished-at="2022-01-17T20:02:39 GST" duration-ms="29876">
    <groups>
      <group name="Login.login">
        <method signature="Login.login()[pri:0, instance:main.java.tests.Login@306e95ec]" name="login" class="main.java.tests.Login"/>
      </group> <!-- Login.login -->
    </groups>
    <test started-at="2022-01-17T20:02:09 GST" name="Test" finished-at="2022-01-17T20:02:39 GST" duration-ms="29876">
      <class name="main.java.tests.Login">
        <test-method is-config="true" signature="intiateDriver()[pri:0, instance:main.java.tests.Login@306e95ec]" started-at="2022-01-17T20:02:09 GST" name="intiateDriver" finished-at="2022-01-17T20:02:29 GST" duration-ms="20101" status="PASS">
          <reporter-output>
          </reporter-output>
        </test-method> <!-- intiateDriver -->
        <test-method signature="login()[pri:0, instance:main.java.tests.Login@306e95ec]" started-at="2022-01-17T20:02:30 GST" name="login" finished-at="2022-01-17T20:02:35 GST" duration-ms="5647" status="PASS">
          <reporter-output>
          </reporter-output>
        </test-method> <!-- login -->
        <test-method is-config="true" signature="afterTest()[pri:0, instance:main.java.tests.Login@306e95ec]" started-at="2022-01-17T20:02:36 GST" name="afterTest" finished-at="2022-01-17T20:02:39 GST" duration-ms="3137" status="PASS">
          <reporter-output>
          </reporter-output>
        </test-method> <!-- afterTest -->
      </class> <!-- main.java.tests.Login -->
    </test> <!-- Test -->
  </suite> <!-- Suite -->
</testng-results>
