<?xml version="1.0" encoding="UTF-8"?>
<testng-results ignored="0" total="4" passed="3" failed="1" skipped="0">
  <reporter-output>
  </reporter-output>
  <suite started-at="2022-01-20T18:26:22 GST" name="Suite" finished-at="2022-01-20T18:27:10 GST" duration-ms="48309">
    <groups>
      <group name="Login.login">
        <method signature="Login.login()[pri:0, instance:main.java.tests.Login@d8948cd]" name="login" class="main.java.tests.Login"/>
      </group> <!-- Login.login -->
    </groups>
    <test started-at="2022-01-20T18:26:22 GST" name="Test" finished-at="2022-01-20T18:27:10 GST" duration-ms="48309">
      <class name="main.java.tests.ListenersTests">
        <test-method is-config="true" signature="intiateDriver()[pri:0, instance:main.java.tests.ListenersTests@518cf84a]" started-at="2022-01-20T18:27:00 GST" name="intiateDriver" finished-at="2022-01-20T18:27:05 GST" duration-ms="5611" status="PASS">
          <reporter-output>
          </reporter-output>
        </test-method> <!-- intiateDriver -->
        <test-method is-config="true" signature="login()[pri:0, instance:main.java.tests.ListenersTests@518cf84a]" started-at="2022-01-20T18:27:05 GST" name="login" finished-at="2022-01-20T18:27:06 GST" duration-ms="502" status="PASS">
          <reporter-output>
          </reporter-output>
        </test-method> <!-- login -->
        <test-method signature="createListners()[pri:0, instance:main.java.tests.ListenersTests@518cf84a]" started-at="2022-01-20T18:27:06 GST" name="createListners" finished-at="2022-01-20T18:27:10 GST" duration-ms="4385" status="PASS">
          <reporter-output>
          </reporter-output>
        </test-method> <!-- createListners -->
        <test-method is-config="true" signature="afterTest()[pri:0, instance:main.java.tests.ListenersTests@518cf84a]" started-at="2022-01-20T18:27:10 GST" name="afterTest" finished-at="2022-01-20T18:27:10 GST" duration-ms="189" status="PASS">
          <reporter-output>
          </reporter-output>
        </test-method> <!-- afterTest -->
      </class> <!-- main.java.tests.ListenersTests -->
      <class name="main.java.tests.Grunt">
        <test-method is-config="true" signature="intiateDriver()[pri:0, instance:main.java.tests.Grunt@4567e53d]" started-at="2022-01-20T18:26:28 GST" name="intiateDriver" finished-at="2022-01-20T18:26:30 GST" duration-ms="2813" status="PASS">
          <reporter-output>
          </reporter-output>
        </test-method> <!-- intiateDriver -->
        <test-method signature="validateGruntConnection()[pri:0, instance:main.java.tests.Grunt@4567e53d]" started-at="2022-01-20T18:26:30 GST" name="validateGruntConnection" finished-at="2022-01-20T18:26:51 GST" duration-ms="20905" status="FAIL">
          <exception class="org.openqa.selenium.TimeoutException">
            <message>
              <![CDATA[Expected condition failed: waiting for element to be clickable: By.xpath: //*[@id='listeners']/*/table/tbody/tr (tried for 20 second(s) with 500 milliseconds interval)
Build info: version: '4.1.1', revision: 'e8fcc2cecf'
System info: host: 'DESKTOP-QLKFNLE', ip: '192.168.1.212', os.name: 'Windows 10', os.arch: 'amd64', os.version: '10.0', java.version: '17.0.1'
Driver info: org.openqa.selenium.chrome.ChromeDriver
Capabilities {acceptInsecureCerts: false, browserName: chrome, browserVersion: 96.0.4664.110, chrome: {chromedriverVersion: 96.0.4664.45 (76e4c1bb2ab46..., userDataDir: C:\Users\DELL\AppData\Local...}, goog:chromeOptions: {debuggerAddress: localhost:57586}, javascriptEnabled: true, networkConnectionEnabled: false, pageLoadStrategy: normal, platform: WINDOWS, platformName: WINDOWS, proxy: Proxy(), se:cdp: ws://localhost:57586/devtoo..., se:cdpVersion: 96.0.4664.110, setWindowRect: true, strictFileInteractability: false, timeouts: {implicit: 0, pageLoad: 300000, script: 30000}, unhandledPromptBehavior: dismiss and notify, webauthn:extension:credBlob: true, webauthn:extension:largeBlob: true, webauthn:virtualAuthenticators: true}
Session ID: 888b6957a5e49287a9be3171c47f9077]]>
            </message>
            <full-stacktrace>
              <![CDATA[org.openqa.selenium.TimeoutException: Expected condition failed: waiting for element to be clickable: By.xpath: //*[@id='listeners']/*/table/tbody/tr (tried for 20 second(s) with 500 milliseconds interval)
Build info: version: '4.1.1', revision: 'e8fcc2cecf'
System info: host: 'DESKTOP-QLKFNLE', ip: '192.168.1.212', os.name: 'Windows 10', os.arch: 'amd64', os.version: '10.0', java.version: '17.0.1'
Driver info: org.openqa.selenium.chrome.ChromeDriver
Capabilities {acceptInsecureCerts: false, browserName: chrome, browserVersion: 96.0.4664.110, chrome: {chromedriverVersion: 96.0.4664.45 (76e4c1bb2ab46..., userDataDir: C:\Users\DELL\AppData\Local...}, goog:chromeOptions: {debuggerAddress: localhost:57586}, javascriptEnabled: true, networkConnectionEnabled: false, pageLoadStrategy: normal, platform: WINDOWS, platformName: WINDOWS, proxy: Proxy(), se:cdp: ws://localhost:57586/devtoo..., se:cdpVersion: 96.0.4664.110, setWindowRect: true, strictFileInteractability: false, timeouts: {implicit: 0, pageLoad: 300000, script: 30000}, unhandledPromptBehavior: dismiss and notify, webauthn:extension:credBlob: true, webauthn:extension:largeBlob: true, webauthn:virtualAuthenticators: true}
Session ID: 888b6957a5e49287a9be3171c47f9077
at org.openqa.selenium.support.ui.WebDriverWait.timeoutException(WebDriverWait.java:138)
at org.openqa.selenium.support.ui.FluentWait.until(FluentWait.java:231)
at main.java.com.pages.GruntPage.rowsCount(GruntPage.java:54)
at main.java.tests.Grunt.validateGruntConnection(Grunt.java:16)
at java.base/jdk.internal.reflect.NativeMethodAccessorImpl.invoke0(Native Method)
at java.base/jdk.internal.reflect.NativeMethodAccessorImpl.invoke(NativeMethodAccessorImpl.java:77)
at java.base/jdk.internal.reflect.DelegatingMethodAccessorImpl.invoke(DelegatingMethodAccessorImpl.java:43)
at java.base/java.lang.reflect.Method.invoke(Method.java:568)
at org.testng.internal.MethodInvocationHelper.invokeMethod(MethodInvocationHelper.java:133)
at org.testng.internal.TestInvoker.invokeMethod(TestInvoker.java:598)
at org.testng.internal.TestInvoker.invokeTestMethod(TestInvoker.java:173)
at org.testng.internal.MethodRunner.runInSequence(MethodRunner.java:46)
at org.testng.internal.TestInvoker$MethodInvocationAgent.invoke(TestInvoker.java:824)
at org.testng.internal.TestInvoker.invokeTestMethods(TestInvoker.java:146)
at org.testng.internal.TestMethodWorker.invokeTestMethods(TestMethodWorker.java:146)
at org.testng.internal.TestMethodWorker.run(TestMethodWorker.java:128)
at java.base/java.util.ArrayList.forEach(ArrayList.java:1511)
at org.testng.TestRunner.privateRun(TestRunner.java:794)
at org.testng.TestRunner.run(TestRunner.java:596)
at org.testng.SuiteRunner.runTest(SuiteRunner.java:377)
at org.testng.SuiteRunner.runSequentially(SuiteRunner.java:371)
at org.testng.SuiteRunner.privateRun(SuiteRunner.java:332)
at org.testng.SuiteRunner.run(SuiteRunner.java:276)
at org.testng.SuiteRunnerWorker.runSuite(SuiteRunnerWorker.java:53)
at org.testng.SuiteRunnerWorker.run(SuiteRunnerWorker.java:96)
at org.testng.TestNG.runSuitesSequentially(TestNG.java:1212)
at org.testng.TestNG.runSuitesLocally(TestNG.java:1134)
at org.testng.TestNG.runSuites(TestNG.java:1063)
at org.testng.TestNG.run(TestNG.java:1031)
at org.testng.remote.AbstractRemoteTestNG.run(AbstractRemoteTestNG.java:115)
at org.testng.remote.RemoteTestNG.initAndRun(RemoteTestNG.java:251)
at org.testng.remote.RemoteTestNG.main(RemoteTestNG.java:77)
]]>
            </full-stacktrace>
          </exception> <!-- org.openqa.selenium.TimeoutException -->
          <reporter-output>
          </reporter-output>
        </test-method> <!-- validateGruntConnection -->
        <test-method is-config="true" signature="afterTest()[pri:0, instance:main.java.tests.Grunt@4567e53d]" started-at="2022-01-20T18:26:51 GST" name="afterTest" finished-at="2022-01-20T18:26:51 GST" duration-ms="125" status="PASS">
          <reporter-output>
          </reporter-output>
        </test-method> <!-- afterTest -->
      </class> <!-- main.java.tests.Grunt -->
      <class name="main.java.tests.Login">
        <test-method is-config="true" signature="intiateDriver()[pri:0, instance:main.java.tests.Login@d8948cd]" started-at="2022-01-20T18:26:22 GST" name="intiateDriver" finished-at="2022-01-20T18:26:27 GST" duration-ms="4489" status="PASS">
          <reporter-output>
          </reporter-output>
        </test-method> <!-- intiateDriver -->
        <test-method signature="login()[pri:0, instance:main.java.tests.Login@d8948cd]" started-at="2022-01-20T18:26:27 GST" name="login" finished-at="2022-01-20T18:26:27 GST" duration-ms="622" status="PASS">
          <reporter-output>
          </reporter-output>
        </test-method> <!-- login -->
        <test-method is-config="true" signature="afterTest()[pri:0, instance:main.java.tests.Login@d8948cd]" started-at="2022-01-20T18:26:27 GST" name="afterTest" finished-at="2022-01-20T18:26:28 GST" duration-ms="199" status="PASS">
          <reporter-output>
          </reporter-output>
        </test-method> <!-- afterTest -->
      </class> <!-- main.java.tests.Login -->
      <class name="main.java.tests.LauncherTests">
        <test-method is-config="true" signature="intiateDriver()[pri:0, instance:main.java.tests.LauncherTests@2df3c564]" started-at="2022-01-20T18:26:51 GST" name="intiateDriver" finished-at="2022-01-20T18:26:54 GST" duration-ms="2665" status="PASS">
          <reporter-output>
          </reporter-output>
        </test-method> <!-- intiateDriver -->
        <test-method is-config="true" signature="login()[pri:0, instance:main.java.tests.LauncherTests@2df3c564]" started-at="2022-01-20T18:26:54 GST" name="login" finished-at="2022-01-20T18:26:55 GST" duration-ms="453" status="PASS">
          <reporter-output>
          </reporter-output>
        </test-method> <!-- login -->
        <test-method signature="GenerateLauncher()[pri:0, instance:main.java.tests.LauncherTests@2df3c564]" started-at="2022-01-20T18:26:55 GST" name="GenerateLauncher" finished-at="2022-01-20T18:26:59 GST" duration-ms="3895" status="PASS">
          <reporter-output>
          </reporter-output>
        </test-method> <!-- GenerateLauncher -->
        <test-method is-config="true" signature="afterTest()[pri:0, instance:main.java.tests.LauncherTests@2df3c564]" started-at="2022-01-20T18:26:59 GST" name="afterTest" finished-at="2022-01-20T18:27:00 GST" duration-ms="1152" status="PASS">
          <reporter-output>
          </reporter-output>
        </test-method> <!-- afterTest -->
      </class> <!-- main.java.tests.LauncherTests -->
    </test> <!-- Test -->
  </suite> <!-- Suite -->
</testng-results>
